<?xml version="1.0" encoding="UTF-8"?>
<testng-results ignored="0" total="7" passed="7" failed="0" skipped="0">
  <reporter-output>
  </reporter-output>
  <suite started-at="2021-04-16T14:57:17 EDT" name="Default suite" finished-at="2021-04-16T14:57:28 EDT" duration-ms="10342">
    <groups>
    </groups>
    <test started-at="2021-04-16T14:57:17 EDT" name="Default test" finished-at="2021-04-16T14:57:28 EDT" duration-ms="10342">
      <class name="StarWarsAPI.StarWarsAPITestig">
        <test-method signature="allCharValidTest()[pri:1, instance:StarWarsAPI.StarWarsAPITestig@bd4dc25]" started-at="2021-04-16T14:57:17 EDT" name="allCharValidTest" finished-at="2021-04-16T14:57:22 EDT" duration-ms="4684" status="PASS">
          <reporter-output>
          </reporter-output>
        </test-method> <!-- allCharValidTest -->
        <test-method signature="allCharInvalidTest()[pri:2, instance:StarWarsAPI.StarWarsAPITestig@bd4dc25]" started-at="2021-04-16T14:57:22 EDT" name="allCharInvalidTest" finished-at="2021-04-16T14:57:23 EDT" duration-ms="735" status="PASS">
          <reporter-output>
          </reporter-output>
        </test-method> <!-- allCharInvalidTest -->
        <test-method signature="specificCharValidTest()[pri:3, instance:StarWarsAPI.StarWarsAPITestig@bd4dc25]" started-at="2021-04-16T14:57:23 EDT" name="specificCharValidTest" finished-at="2021-04-16T14:57:24 EDT" duration-ms="719" status="PASS">
          <reporter-output>
          </reporter-output>
        </test-method> <!-- specificCharValidTest -->
        <test-method signature="specificCharInvalidTest()[pri:4, instance:StarWarsAPI.StarWarsAPITestig@bd4dc25]" started-at="2021-04-16T14:57:24 EDT" name="specificCharInvalidTest" finished-at="2021-04-16T14:57:24 EDT" duration-ms="770" status="PASS">
          <reporter-output>
          </reporter-output>
        </test-method> <!-- specificCharInvalidTest -->
        <test-method signature="searchPlanetsValidTest()[pri:5, instance:StarWarsAPI.StarWarsAPITestig@bd4dc25]" started-at="2021-04-16T14:57:24 EDT" name="searchPlanetsValidTest" finished-at="2021-04-16T14:57:25 EDT" duration-ms="729" status="PASS">
          <reporter-output>
          </reporter-output>
        </test-method> <!-- searchPlanetsValidTest -->
        <test-method signature="searchPlanetsInvalidTest()[pri:6, instance:StarWarsAPI.StarWarsAPITestig@bd4dc25]" started-at="2021-04-16T14:57:25 EDT" name="searchPlanetsInvalidTest" finished-at="2021-04-16T14:57:26 EDT" duration-ms="806" status="PASS">
          <reporter-output>
          </reporter-output>
        </test-method> <!-- searchPlanetsInvalidTest -->
        <test-method signature="BlankSearch()[pri:7, instance:StarWarsAPI.StarWarsAPITestig@bd4dc25]" started-at="2021-04-16T14:57:26 EDT" name="BlankSearch" finished-at="2021-04-16T14:57:28 EDT" duration-ms="1739" status="PASS">
          <reporter-output>
          </reporter-output>
        </test-method> <!-- BlankSearch -->
      </class> <!-- StarWarsAPI.StarWarsAPITestig -->
    </test> <!-- Default test -->
  </suite> <!-- Default suite -->
</testng-results>
