<?xml version="1.0" encoding="UTF-8"?>
<!-- Generated by org.testng.reporters.JUnitXMLReporter -->
<testsuite ignored="0" hostname="DESKTOP-S15TED7" failures="0" tests="7" name="Default test" time="10.342" errors="0" timestamp="2021-04-16T14:57:28 EDT">
  <testcase classname="StarWarsAPI.StarWarsAPITestig" name="allCharValidTest" time="4.684"/>
  <testcase classname="StarWarsAPI.StarWarsAPITestig" name="allCharInvalidTest" time="0.735"/>
  <testcase classname="StarWarsAPI.StarWarsAPITestig" name="specificCharValidTest" time="0.719"/>
  <testcase classname="StarWarsAPI.StarWarsAPITestig" name="specificCharInvalidTest" time="0.77"/>
  <testcase classname="StarWarsAPI.StarWarsAPITestig" name="searchPlanetsValidTest" time="0.729"/>
  <testcase classname="StarWarsAPI.StarWarsAPITestig" name="searchPlanetsInvalidTest" time="0.806"/>
  <testcase classname="StarWarsAPI.StarWarsAPITestig" name="BlankSearch" time="1.739"/>
</testsuite> <!-- Default test -->
